0 info it worked if it ends with ok
1 verbose cli [ 'node', '/usr/local/bin/npm', 'publish' ]
2 info using npm@1.3.17
3 info using node@v0.11.13
4 verbose publish [ '.' ]
5 verbose cache add [ '.', null ]
6 verbose cache add name=undefined spec="." args=[".",null]
7 verbose parsed url { protocol: null,
7 verbose parsed url   slashes: null,
7 verbose parsed url   auth: null,
7 verbose parsed url   host: null,
7 verbose parsed url   port: null,
7 verbose parsed url   hostname: null,
7 verbose parsed url   hash: null,
7 verbose parsed url   search: null,
7 verbose parsed url   query: null,
7 verbose parsed url   pathname: '.',
7 verbose parsed url   path: '.',
7 verbose parsed url   href: '.' }
8 silly lockFile 3a52ce78- .
9 verbose lock . /Users/carlos_technogi/.npm/3a52ce78-.lock
10 verbose tar pack [ '/var/folders/j3/vns7s7hj3m54pcf8yk5k73z40000gn/T/npm-16983-MsGhe7xD/1408641841716-0.624979252461344/tmp.tgz',
10 verbose tar pack   '.' ]
11 verbose tarball /var/folders/j3/vns7s7hj3m54pcf8yk5k73z40000gn/T/npm-16983-MsGhe7xD/1408641841716-0.624979252461344/tmp.tgz
12 verbose folder .
13 info prepublish static_webserver@0.0.5
14 silly lockFile 1f1177db-tar tar://.
15 verbose lock tar://. /Users/carlos_technogi/.npm/1f1177db-tar.lock
16 silly lockFile fe3e5c3b-841716-0-624979252461344-tmp-tgz tar:///var/folders/j3/vns7s7hj3m54pcf8yk5k73z40000gn/T/npm-16983-MsGhe7xD/1408641841716-0.624979252461344/tmp.tgz
17 verbose lock tar:///var/folders/j3/vns7s7hj3m54pcf8yk5k73z40000gn/T/npm-16983-MsGhe7xD/1408641841716-0.624979252461344/tmp.tgz /Users/carlos_technogi/.npm/fe3e5c3b-841716-0-624979252461344-tmp-tgz.lock
18 silly lockFile 1f1177db-tar tar://.
19 silly lockFile 1f1177db-tar tar://.
20 silly lockFile fe3e5c3b-841716-0-624979252461344-tmp-tgz tar:///var/folders/j3/vns7s7hj3m54pcf8yk5k73z40000gn/T/npm-16983-MsGhe7xD/1408641841716-0.624979252461344/tmp.tgz
21 silly lockFile fe3e5c3b-841716-0-624979252461344-tmp-tgz tar:///var/folders/j3/vns7s7hj3m54pcf8yk5k73z40000gn/T/npm-16983-MsGhe7xD/1408641841716-0.624979252461344/tmp.tgz
22 verbose tar unpack /var/folders/j3/vns7s7hj3m54pcf8yk5k73z40000gn/T/npm-16983-MsGhe7xD/1408641841716-0.624979252461344/tmp.tgz
23 silly lockFile 32415d6e-841716-0-624979252461344-package tar:///var/folders/j3/vns7s7hj3m54pcf8yk5k73z40000gn/T/npm-16983-MsGhe7xD/1408641841716-0.624979252461344/package
24 verbose lock tar:///var/folders/j3/vns7s7hj3m54pcf8yk5k73z40000gn/T/npm-16983-MsGhe7xD/1408641841716-0.624979252461344/package /Users/carlos_technogi/.npm/32415d6e-841716-0-624979252461344-package.lock
25 silly lockFile fe3e5c3b-841716-0-624979252461344-tmp-tgz tar:///var/folders/j3/vns7s7hj3m54pcf8yk5k73z40000gn/T/npm-16983-MsGhe7xD/1408641841716-0.624979252461344/tmp.tgz
26 verbose lock tar:///var/folders/j3/vns7s7hj3m54pcf8yk5k73z40000gn/T/npm-16983-MsGhe7xD/1408641841716-0.624979252461344/tmp.tgz /Users/carlos_technogi/.npm/fe3e5c3b-841716-0-624979252461344-tmp-tgz.lock
27 silly gunzTarPerm modes [ '755', '644' ]
28 silly gunzTarPerm extractEntry package.json
29 silly gunzTarPerm extractEntry .npmignore
30 silly gunzTarPerm extractEntry README.md
31 silly gunzTarPerm extractEntry LICENSE
32 silly gunzTarPerm extractEntry bin/sws
33 silly lockFile 32415d6e-841716-0-624979252461344-package tar:///var/folders/j3/vns7s7hj3m54pcf8yk5k73z40000gn/T/npm-16983-MsGhe7xD/1408641841716-0.624979252461344/package
34 silly lockFile 32415d6e-841716-0-624979252461344-package tar:///var/folders/j3/vns7s7hj3m54pcf8yk5k73z40000gn/T/npm-16983-MsGhe7xD/1408641841716-0.624979252461344/package
35 silly lockFile fe3e5c3b-841716-0-624979252461344-tmp-tgz tar:///var/folders/j3/vns7s7hj3m54pcf8yk5k73z40000gn/T/npm-16983-MsGhe7xD/1408641841716-0.624979252461344/tmp.tgz
36 silly lockFile fe3e5c3b-841716-0-624979252461344-tmp-tgz tar:///var/folders/j3/vns7s7hj3m54pcf8yk5k73z40000gn/T/npm-16983-MsGhe7xD/1408641841716-0.624979252461344/tmp.tgz
37 verbose tar pack [ '/Users/carlos_technogi/.npm/static_webserver/0.0.5/package.tgz',
37 verbose tar pack   '/var/folders/j3/vns7s7hj3m54pcf8yk5k73z40000gn/T/npm-16983-MsGhe7xD/1408641841716-0.624979252461344/package' ]
38 verbose tarball /Users/carlos_technogi/.npm/static_webserver/0.0.5/package.tgz
39 verbose folder /var/folders/j3/vns7s7hj3m54pcf8yk5k73z40000gn/T/npm-16983-MsGhe7xD/1408641841716-0.624979252461344/package
40 silly lockFile 32415d6e-841716-0-624979252461344-package tar:///var/folders/j3/vns7s7hj3m54pcf8yk5k73z40000gn/T/npm-16983-MsGhe7xD/1408641841716-0.624979252461344/package
41 verbose lock tar:///var/folders/j3/vns7s7hj3m54pcf8yk5k73z40000gn/T/npm-16983-MsGhe7xD/1408641841716-0.624979252461344/package /Users/carlos_technogi/.npm/32415d6e-841716-0-624979252461344-package.lock
42 silly lockFile e50e1d9f-atic-webserver-0-0-5-package-tgz tar:///Users/carlos_technogi/.npm/static_webserver/0.0.5/package.tgz
43 verbose lock tar:///Users/carlos_technogi/.npm/static_webserver/0.0.5/package.tgz /Users/carlos_technogi/.npm/e50e1d9f-atic-webserver-0-0-5-package-tgz.lock
44 silly lockFile 32415d6e-841716-0-624979252461344-package tar:///var/folders/j3/vns7s7hj3m54pcf8yk5k73z40000gn/T/npm-16983-MsGhe7xD/1408641841716-0.624979252461344/package
45 silly lockFile 32415d6e-841716-0-624979252461344-package tar:///var/folders/j3/vns7s7hj3m54pcf8yk5k73z40000gn/T/npm-16983-MsGhe7xD/1408641841716-0.624979252461344/package
46 silly lockFile e50e1d9f-atic-webserver-0-0-5-package-tgz tar:///Users/carlos_technogi/.npm/static_webserver/0.0.5/package.tgz
47 silly lockFile e50e1d9f-atic-webserver-0-0-5-package-tgz tar:///Users/carlos_technogi/.npm/static_webserver/0.0.5/package.tgz
48 silly lockFile 59c3060f-m-static-webserver-0-0-5-package /Users/carlos_technogi/.npm/static_webserver/0.0.5/package
49 verbose lock /Users/carlos_technogi/.npm/static_webserver/0.0.5/package /Users/carlos_technogi/.npm/59c3060f-m-static-webserver-0-0-5-package.lock
50 silly lockFile 59c3060f-m-static-webserver-0-0-5-package /Users/carlos_technogi/.npm/static_webserver/0.0.5/package
51 silly lockFile 59c3060f-m-static-webserver-0-0-5-package /Users/carlos_technogi/.npm/static_webserver/0.0.5/package
52 verbose tar unpack /Users/carlos_technogi/.npm/static_webserver/0.0.5/package.tgz
53 silly lockFile 8d927153-m-static-webserver-0-0-5-package tar:///Users/carlos_technogi/.npm/static_webserver/0.0.5/package
54 verbose lock tar:///Users/carlos_technogi/.npm/static_webserver/0.0.5/package /Users/carlos_technogi/.npm/8d927153-m-static-webserver-0-0-5-package.lock
55 silly lockFile e50e1d9f-atic-webserver-0-0-5-package-tgz tar:///Users/carlos_technogi/.npm/static_webserver/0.0.5/package.tgz
56 verbose lock tar:///Users/carlos_technogi/.npm/static_webserver/0.0.5/package.tgz /Users/carlos_technogi/.npm/e50e1d9f-atic-webserver-0-0-5-package-tgz.lock
57 silly gunzTarPerm modes [ '755', '644' ]
58 silly gunzTarPerm extractEntry package.json
59 silly gunzTarPerm extractEntry .npmignore
60 silly gunzTarPerm extractEntry README.md
61 silly gunzTarPerm extractEntry LICENSE
62 silly gunzTarPerm extractEntry bin/sws
63 silly lockFile 8d927153-m-static-webserver-0-0-5-package tar:///Users/carlos_technogi/.npm/static_webserver/0.0.5/package
64 silly lockFile 8d927153-m-static-webserver-0-0-5-package tar:///Users/carlos_technogi/.npm/static_webserver/0.0.5/package
65 silly lockFile e50e1d9f-atic-webserver-0-0-5-package-tgz tar:///Users/carlos_technogi/.npm/static_webserver/0.0.5/package.tgz
66 silly lockFile e50e1d9f-atic-webserver-0-0-5-package-tgz tar:///Users/carlos_technogi/.npm/static_webserver/0.0.5/package.tgz
67 verbose chmod /Users/carlos_technogi/.npm/static_webserver/0.0.5/package.tgz 644
68 verbose chown /Users/carlos_technogi/.npm/static_webserver/0.0.5/package.tgz [ 501, 20 ]
69 silly lockFile 3a52ce78- .
70 silly lockFile 3a52ce78- .
71 silly publish { name: 'static_webserver',
71 silly publish   version: '0.0.5',
71 silly publish   author: { name: 'moguelator' },
71 silly publish   private: false,
71 silly publish   bin: { sws: './bin/sws' },
71 silly publish   scripts: { start: 'node ./bin/sws' },
71 silly publish   dependencies:
71 silly publish    { express: '~4.2.0',
71 silly publish      'basic-auth-connect': '~1.0.0',
71 silly publish      commander: '~2.3.0',
71 silly publish      'serve-favicon': '~2.0.1' },
71 silly publish   repository:
71 silly publish    { type: 'git',
71 silly publish      url: ' https://github.com/moguelator/static_webserver.git' },
71 silly publish   homepage: 'https://github.com/moguelator/static_webserver',
71 silly publish   readme: '# Static Web Server #\n*TECHNOGI*\n\nSimple web server for static content.\n\nUsage: sws [options]\n\n  Options:\n\n\n    -h, --help          usage information\n    -V, --version       output the version number\n    -P, --port <n>      Port, default: 3000\n    -d, --dir <s>       Application Directory\n    -i, --index <s>     default root\n    -p, --password <s>  basic auth password\n    -u, --user <s>      basic auth user\n    -a, --basicauth     set basicauth\n    -v, --verbose       \n',
71 silly publish   readmeFilename: 'README.md',
71 silly publish   description: '*TECHNOGI*',
71 silly publish   _id: 'static_webserver@0.0.5',
71 silly publish   dist: { shasum: '8f9ae9bb48ed42719ee0ea2953428c888482bf38' },
71 silly publish   _from: '.' }
72 verbose url raw static_webserver
73 verbose url resolving [ 'https://registry.npmjs.org/', './static_webserver' ]
74 verbose url resolved https://registry.npmjs.org/static_webserver
75 info trying registry request attempt 1 at 12:24:01
76 http PUT https://registry.npmjs.org/static_webserver
77 http 403 https://registry.npmjs.org/static_webserver
78 info trying registry request attempt 1 at 12:24:04
79 http PUT https://registry.npmjs.org/static_webserver
80 http 201 https://registry.npmjs.org/static_webserver
81 verbose url raw static_webserver
82 verbose url resolving [ 'https://registry.npmjs.org/', './static_webserver' ]
83 verbose url resolved https://registry.npmjs.org/static_webserver
84 info trying registry request attempt 1 at 12:24:06
85 http GET https://registry.npmjs.org/static_webserver
86 http 200 https://registry.npmjs.org/static_webserver
87 error publish fail Cannot publish over existing version.
87 error publish fail Update the 'version' field in package.json and try again.
87 error publish fail
87 error publish fail If the previous version was published in error, see:
87 error publish fail     npm help unpublish
87 error publish fail
87 error publish fail To automatically increment version numbers, see:
87 error publish fail     npm help version
88 error System Darwin 13.3.0
89 error command "node" "/usr/local/bin/npm" "publish"
90 error cwd /Users/carlos_technogi/development/projects/technogi/static_webserver
91 error node -v v0.11.13
92 error npm -v 1.3.17
93 error code EPUBLISHCONFLICT
94 verbose exit [ 1, true ]
